<?xml version="1.0" encoding="UTF-8"?>
<testsuite xmlns:xsi="http://www.w3.org/2001/XMLSchema-instance" xsi:noNamespaceSchemaLocation="https://maven.apache.org/surefire/maven-surefire-plugin/xsd/surefire-test-report-3.0.xsd" version="3.0" name="discussionforum.ForumApplicationIntegrationTest" time="3.07" tests="1" errors="0" skipped="0" failures="0">
  <properties>
[...]
</properties>
  <testcase name="contextLoads" classname="discussionforum.ForumApplicationIntegrationTest" time="0.004">
    <system-out><![CDATA[2025-09-07T17:30:35.402+02:00  INFO 142872 --- [           main] t.c.s.AnnotationConfigContextLoaderUtils : Could not detect default configuration classes for test class [discussionforum.ForumApplicationIntegrationTest]: ForumApplicationIntegrationTest does not declare any static, non-private, non-final, nested classes annotated with @Configuration.
2025-09-07T17:30:35.411+02:00  INFO 142872 --- [           main] .b.t.c.SpringBootTestContextBootstrapper : Found @SpringBootConfiguration discussionforum.ForumApplication for test class discussionforum.ForumApplicationIntegrationTest

  .   ____          _            __ _ _
 /\\ / ___'_ __ _ _(_)_ __  __ _ \ \ \ \
( ( )\___ | '_ | '_| | '_ \/ _` | \ \ \ \
 \\/  ___)| |_)| | | | | || (_| |  ) ) ) )
  '  |____| .__|_| |_|_| |_\__, | / / / /
 =========|_|==============|___/=/_/_/_/

 :: Spring Boot ::                (v3.3.2)

2025-09-07T17:30:35.447+02:00  INFO 142872 --- [           main] d.ForumApplicationIntegrationTest        : Starting ForumApplicationIntegrationTest using Java 21.0.2 with PID 142872 (started by rajta in C:\Users\rajta\OneDrive\DiscussionForum\DiscussionForum)
2025-09-07T17:30:35.448+02:00  INFO 142872 --- [           main] d.ForumApplicationIntegrationTest        : The following 1 profile is active: "test"
2025-09-07T17:30:35.686+02:00  INFO 142872 --- [           main] .s.d.r.c.RepositoryConfigurationDelegate : Bootstrapping Spring Data JPA repositories in DEFAULT mode.
2025-09-07T17:30:35.738+02:00  INFO 142872 --- [           main] .s.d.r.c.RepositoryConfigurationDelegate : Finished Spring Data repository scanning in 44 ms. Found 9 JPA repository interfaces.
2025-09-07T17:30:35.956+02:00  INFO 142872 --- [           main] o.hibernate.jpa.internal.util.LogHelper  : HHH000204: Processing PersistenceUnitInfo [name: default]
2025-09-07T17:30:36.034+02:00  INFO 142872 --- [           main] org.hibernate.Version                    : HHH000412: Hibernate ORM core version 6.5.2.Final
2025-09-07T17:30:36.064+02:00  INFO 142872 --- [           main] o.h.c.internal.RegionFactoryInitiator    : HHH000026: Second-level cache disabled
2025-09-07T17:30:36.183+02:00  INFO 142872 --- [           main] o.s.o.j.p.SpringPersistenceUnitInfo      : No LoadTimeWeaver setup: ignoring JPA class transformer
2025-09-07T17:30:36.214+02:00  INFO 142872 --- [           main] com.zaxxer.hikari.HikariDataSource       : HikariPool-1 - Starting...
2025-09-07T17:30:36.392+02:00  INFO 142872 --- [           main] com.zaxxer.hikari.pool.HikariPool        : HikariPool-1 - Added connection conn0: url=jdbc:h2:mem:testdb user=SA
2025-09-07T17:30:36.394+02:00  INFO 142872 --- [           main] com.zaxxer.hikari.HikariDataSource       : HikariPool-1 - Start completed.
2025-09-07T17:30:36.424+02:00  WARN 142872 --- [           main] org.hibernate.orm.deprecation            : HHH90000025: H2Dialect does not need to be specified explicitly using 'hibernate.dialect' (remove the property setting and it will be selected by default)
2025-09-07T17:30:37.188+02:00  INFO 142872 --- [           main] o.h.e.t.j.p.i.JtaPlatformInitiator       : HHH000489: No JTA platform available (set 'hibernate.transaction.jta.platform' to enable JTA platform integration)
2025-09-07T17:30:37.202+02:00 DEBUG 142872 --- [           main] org.hibernate.SQL                        : drop table if exists comment_votes cascade 
Hibernate: drop table if exists comment_votes cascade 
2025-09-07T17:30:37.204+02:00 DEBUG 142872 --- [           main] org.hibernate.SQL                        : drop table if exists comments cascade 
Hibernate: drop table if exists comments cascade 
2025-09-07T17:30:37.205+02:00 DEBUG 142872 --- [           main] org.hibernate.SQL                        : drop table if exists communities cascade 
Hibernate: drop table if exists communities cascade 
2025-09-07T17:30:37.205+02:00 DEBUG 142872 --- [           main] org.hibernate.SQL                        : drop table if exists community_memberships cascade 
Hibernate: drop table if exists community_memberships cascade 
2025-09-07T17:30:37.205+02:00 DEBUG 142872 --- [           main] org.hibernate.SQL                        : drop table if exists post_saves cascade 
Hibernate: drop table if exists post_saves cascade 
2025-09-07T17:30:37.205+02:00 DEBUG 142872 --- [           main] org.hibernate.SQL                        : drop table if exists posts cascade 
Hibernate: drop table if exists posts cascade 
2025-09-07T17:30:37.205+02:00 DEBUG 142872 --- [           main] org.hibernate.SQL                        : drop table if exists roles cascade 
Hibernate: drop table if exists roles cascade 
2025-09-07T17:30:37.205+02:00 DEBUG 142872 --- [           main] org.hibernate.SQL                        : drop table if exists user_roles cascade 
Hibernate: drop table if exists user_roles cascade 
2025-09-07T17:30:37.205+02:00 DEBUG 142872 --- [           main] org.hibernate.SQL                        : drop table if exists users cascade 
Hibernate: drop table if exists users cascade 
2025-09-07T17:30:37.205+02:00 DEBUG 142872 --- [           main] org.hibernate.SQL                        : drop table if exists votes cascade 
Hibernate: drop table if exists votes cascade 
2025-09-07T17:30:37.210+02:00 DEBUG 142872 --- [           main] org.hibernate.SQL                        : create table comment_votes (comment_id bigint not null, id bigint generated by default as identity, user_id bigint not null, type enum ('DOWNVOTE','UPVOTE'), primary key (id), unique (user_id, comment_id))
Hibernate: create table comment_votes (comment_id bigint not null, id bigint generated by default as identity, user_id bigint not null, type enum ('DOWNVOTE','UPVOTE'), primary key (id), unique (user_id, comment_id))
2025-09-07T17:30:37.217+02:00 DEBUG 142872 --- [           main] org.hibernate.SQL                        : create table comments (score integer not null, author_id bigint not null, created_at timestamp(6), id bigint generated by default as identity, parent_id bigint, post_id bigint not null, content clob not null, primary key (id))
Hibernate: create table comments (score integer not null, author_id bigint not null, created_at timestamp(6), id bigint generated by default as identity, parent_id bigint, post_id bigint not null, content clob not null, primary key (id))
2025-09-07T17:30:37.218+02:00 DEBUG 142872 --- [           main] org.hibernate.SQL                        : create table communities (created_at timestamp(6), id bigint generated by default as identity, name varchar(40) not null unique, description varchar(500), primary key (id))
Hibernate: create table communities (created_at timestamp(6), id bigint generated by default as identity, name varchar(40) not null unique, description varchar(500), primary key (id))
2025-09-07T17:30:37.219+02:00 DEBUG 142872 --- [           main] org.hibernate.SQL                        : create table community_memberships (community_id bigint not null, id bigint generated by default as identity, joined_at timestamp(6), user_id bigint not null, primary key (id), unique (user_id, community_id))
Hibernate: create table community_memberships (community_id bigint not null, id bigint generated by default as identity, joined_at timestamp(6), user_id bigint not null, primary key (id), unique (user_id, community_id))
2025-09-07T17:30:37.220+02:00 DEBUG 142872 --- [           main] org.hibernate.SQL                        : create table post_saves (id bigint generated by default as identity, post_id bigint not null, saved_at timestamp(6), user_id bigint not null, primary key (id), unique (user_id, post_id))
Hibernate: create table post_saves (id bigint generated by default as identity, post_id bigint not null, saved_at timestamp(6), user_id bigint not null, primary key (id), unique (user_id, post_id))
2025-09-07T17:30:37.220+02:00 DEBUG 142872 --- [           main] org.hibernate.SQL                        : create table posts (score integer not null, author_id bigint not null, community_id bigint not null, created_at timestamp(6), id bigint generated by default as identity, title varchar(255) not null, content clob not null, primary key (id))
Hibernate: create table posts (score integer not null, author_id bigint not null, community_id bigint not null, created_at timestamp(6), id bigint generated by default as identity, title varchar(255) not null, content clob not null, primary key (id))
2025-09-07T17:30:37.221+02:00 DEBUG 142872 --- [           main] org.hibernate.SQL                        : create table roles (id bigint generated by default as identity, name varchar(50) not null unique, primary key (id))
Hibernate: create table roles (id bigint generated by default as identity, name varchar(50) not null unique, primary key (id))
2025-09-07T17:30:37.222+02:00 DEBUG 142872 --- [           main] org.hibernate.SQL                        : create table user_roles (role_id bigint not null, user_id bigint not null, primary key (role_id, user_id))
Hibernate: create table user_roles (role_id bigint not null, user_id bigint not null, primary key (role_id, user_id))
2025-09-07T17:30:37.222+02:00 DEBUG 142872 --- [           main] org.hibernate.SQL                        : create table users (enabled boolean not null, id bigint generated by default as identity, username varchar(32) not null unique, display_name varchar(255), password varchar(255) not null, primary key (id))
Hibernate: create table users (enabled boolean not null, id bigint generated by default as identity, username varchar(32) not null unique, display_name varchar(255), password varchar(255) not null, primary key (id))
2025-09-07T17:30:37.223+02:00 DEBUG 142872 --- [           main] org.hibernate.SQL                        : create table votes (id bigint generated by default as identity, post_id bigint not null, user_id bigint not null, type enum ('DOWNVOTE','UPVOTE'), primary key (id), unique (post_id, user_id))
Hibernate: create table votes (id bigint generated by default as identity, post_id bigint not null, user_id bigint not null, type enum ('DOWNVOTE','UPVOTE'), primary key (id), unique (post_id, user_id))
2025-09-07T17:30:37.225+02:00 DEBUG 142872 --- [           main] org.hibernate.SQL                        : alter table if exists comment_votes add constraint FKhdta06oo0umsl3usqm21ra5j8 foreign key (comment_id) references comments
Hibernate: alter table if exists comment_votes add constraint FKhdta06oo0umsl3usqm21ra5j8 foreign key (comment_id) references comments
2025-09-07T17:30:37.232+02:00 DEBUG 142872 --- [           main] org.hibernate.SQL                        : alter table if exists comment_votes add constraint FKn9k5647n8mnl9w22a0gy8a7o7 foreign key (user_id) references users
Hibernate: alter table if exists comment_votes add constraint FKn9k5647n8mnl9w22a0gy8a7o7 foreign key (user_id) references users
2025-09-07T17:30:37.233+02:00 DEBUG 142872 --- [           main] org.hibernate.SQL                        : alter table if exists comments add constraint FKn2na60ukhs76ibtpt9burkm27 foreign key (author_id) references users
Hibernate: alter table if exists comments add constraint FKn2na60ukhs76ibtpt9burkm27 foreign key (author_id) references users
2025-09-07T17:30:37.233+02:00 DEBUG 142872 --- [           main] org.hibernate.SQL                        : alter table if exists comments add constraint FKlri30okf66phtcgbe5pok7cc0 foreign key (parent_id) references comments
Hibernate: alter table if exists comments add constraint FKlri30okf66phtcgbe5pok7cc0 foreign key (parent_id) references comments
2025-09-07T17:30:37.234+02:00 DEBUG 142872 --- [           main] org.hibernate.SQL                        : alter table if exists comments add constraint FKh4c7lvsc298whoyd4w9ta25cr foreign key (post_id) references posts
Hibernate: alter table if exists comments add constraint FKh4c7lvsc298whoyd4w9ta25cr foreign key (post_id) references posts
2025-09-07T17:30:37.235+02:00 DEBUG 142872 --- [           main] org.hibernate.SQL                        : alter table if exists community_memberships add constraint FKhuw0q35omchguvw829no1pdv4 foreign key (community_id) references communities
Hibernate: alter table if exists community_memberships add constraint FKhuw0q35omchguvw829no1pdv4 foreign key (community_id) references communities
2025-09-07T17:30:37.235+02:00 DEBUG 142872 --- [           main] org.hibernate.SQL                        : alter table if exists community_memberships add constraint FKgju0tl907079t8q0uo730jm82 foreign key (user_id) references users
Hibernate: alter table if exists community_memberships add constraint FKgju0tl907079t8q0uo730jm82 foreign key (user_id) references users
2025-09-07T17:30:37.236+02:00 DEBUG 142872 --- [           main] org.hibernate.SQL                        : alter table if exists post_saves add constraint FKi58sh3npybd3lht2da1cewhre foreign key (post_id) references posts
Hibernate: alter table if exists post_saves add constraint FKi58sh3npybd3lht2da1cewhre foreign key (post_id) references posts
2025-09-07T17:30:37.237+02:00 DEBUG 142872 --- [           main] org.hibernate.SQL                        : alter table if exists post_saves add constraint FK71y66p9agprlbcf48w466ol3k foreign key (user_id) references users
Hibernate: alter table if exists post_saves add constraint FK71y66p9agprlbcf48w466ol3k foreign key (user_id) references users
2025-09-07T17:30:37.238+02:00 DEBUG 142872 --- [           main] org.hibernate.SQL                        : alter table if exists posts add constraint FK6xvn0811tkyo3nfjk2xvqx6ns foreign key (author_id) references users
Hibernate: alter table if exists posts add constraint FK6xvn0811tkyo3nfjk2xvqx6ns foreign key (author_id) references users
2025-09-07T17:30:37.238+02:00 DEBUG 142872 --- [           main] org.hibernate.SQL                        : alter table if exists posts add constraint FK7rk45ficmsfhe8n1dojvqt6ui foreign key (community_id) references communities
Hibernate: alter table if exists posts add constraint FK7rk45ficmsfhe8n1dojvqt6ui foreign key (community_id) references communities
2025-09-07T17:30:37.239+02:00 DEBUG 142872 --- [           main] org.hibernate.SQL                        : alter table if exists user_roles add constraint FKh8ciramu9cc9q3qcqiv4ue8a6 foreign key (role_id) references roles
Hibernate: alter table if exists user_roles add constraint FKh8ciramu9cc9q3qcqiv4ue8a6 foreign key (role_id) references roles
2025-09-07T17:30:37.240+02:00 DEBUG 142872 --- [           main] org.hibernate.SQL                        : alter table if exists user_roles add constraint FKhfh9dx7w3ubf1co1vdev94g3f foreign key (user_id) references users
Hibernate: alter table if exists user_roles add constraint FKhfh9dx7w3ubf1co1vdev94g3f foreign key (user_id) references users
2025-09-07T17:30:37.240+02:00 DEBUG 142872 --- [           main] org.hibernate.SQL                        : alter table if exists votes add constraint FK1m2jqtro85c13ya5kv0kvkc97 foreign key (post_id) references posts
Hibernate: alter table if exists votes add constraint FK1m2jqtro85c13ya5kv0kvkc97 foreign key (post_id) references posts
2025-09-07T17:30:37.241+02:00 DEBUG 142872 --- [           main] org.hibernate.SQL                        : alter table if exists votes add constraint FKli4uj3ic2vypf5pialchj925e foreign key (user_id) references users
Hibernate: alter table if exists votes add constraint FKli4uj3ic2vypf5pialchj925e foreign key (user_id) references users
2025-09-07T17:30:37.245+02:00  INFO 142872 --- [           main] j.LocalContainerEntityManagerFactoryBean : Initialized JPA EntityManagerFactory for persistence unit 'default'
2025-09-07T17:30:37.549+02:00  INFO 142872 --- [           main] o.s.d.j.r.query.QueryEnhancerFactory     : Hibernate is in classpath; If applicable, HQL parser will be used.
2025-09-07T17:30:38.049+02:00  WARN 142872 --- [           main] JpaBaseConfiguration$JpaWebConfiguration : spring.jpa.open-in-view is enabled by default. Therefore, database queries may be performed during view rendering. Explicitly configure spring.jpa.open-in-view to disable this warning
2025-09-07T17:30:38.058+02:00  INFO 142872 --- [           main] o.s.b.a.w.s.WelcomePageHandlerMapping    : Adding welcome page template: index
2025-09-07T17:30:38.234+02:00  INFO 142872 --- [           main] d.ForumApplicationIntegrationTest        : Started ForumApplicationIntegrationTest in 2.813 seconds (process running for 7.175)
2025-09-07T17:30:38.317+02:00 DEBUG 142872 --- [           main] org.hibernate.SQL                        : select r1_0.id,r1_0.name from roles r1_0 where r1_0.name=?
Hibernate: select r1_0.id,r1_0.name from roles r1_0 where r1_0.name=?
2025-09-07T17:30:38.351+02:00 DEBUG 142872 --- [           main] org.hibernate.SQL                        : insert into roles (name,id) values (?,default)
Hibernate: insert into roles (name,id) values (?,default)
2025-09-07T17:30:38.367+02:00 DEBUG 142872 --- [           main] org.hibernate.SQL                        : select r1_0.id,r1_0.name from roles r1_0 where r1_0.name=?
Hibernate: select r1_0.id,r1_0.name from roles r1_0 where r1_0.name=?
2025-09-07T17:30:38.368+02:00 DEBUG 142872 --- [           main] org.hibernate.SQL                        : insert into roles (name,id) values (?,default)
Hibernate: insert into roles (name,id) values (?,default)
2025-09-07T17:30:38.370+02:00 DEBUG 142872 --- [           main] org.hibernate.SQL                        : select r1_0.id,r1_0.name from roles r1_0 where r1_0.name=?
Hibernate: select r1_0.id,r1_0.name from roles r1_0 where r1_0.name=?
2025-09-07T17:30:38.371+02:00 DEBUG 142872 --- [           main] org.hibernate.SQL                        : insert into roles (name,id) values (?,default)
Hibernate: insert into roles (name,id) values (?,default)
2025-09-07T17:30:38.375+02:00 DEBUG 142872 --- [           main] org.hibernate.SQL                        : select u1_0.id,u1_0.display_name,u1_0.enabled,u1_0.password,u1_0.username from users u1_0 where u1_0.username=?
Hibernate: select u1_0.id,u1_0.display_name,u1_0.enabled,u1_0.password,u1_0.username from users u1_0 where u1_0.username=?
2025-09-07T17:30:38.449+02:00 DEBUG 142872 --- [           main] org.hibernate.SQL                        : insert into users (display_name,enabled,password,username,id) values (?,?,?,?,default)
Hibernate: insert into users (display_name,enabled,password,username,id) values (?,?,?,?,default)
2025-09-07T17:30:38.456+02:00 DEBUG 142872 --- [           main] org.hibernate.SQL                        : insert into user_roles (user_id,role_id) values (?,?)
Hibernate: insert into user_roles (user_id,role_id) values (?,?)
2025-09-07T17:30:38.461+02:00 DEBUG 142872 --- [           main] org.hibernate.SQL                        : select c1_0.id from communities c1_0 where c1_0.name=? fetch first ? rows only
Hibernate: select c1_0.id from communities c1_0 where c1_0.name=? fetch first ? rows only
2025-09-07T17:30:38.463+02:00 DEBUG 142872 --- [           main] org.hibernate.SQL                        : insert into communities (created_at,description,name,id) values (?,?,?,default)
Hibernate: insert into communities (created_at,description,name,id) values (?,?,?,default)
]]></system-out>
  </testcase>
</testsuite>